Using pre-set license
Built from '2020.3/staging' branch; Version is '2020.3.23f1 (c5d91304a876) revision 12966163'; Using compiler version '192528614'; Build Type 'Release'
OS: 'Windows 10 Pro; OS build 19044.1766; Version 2009; 64bit' Language: 'ru' Physical Memory: 16328 MB
BatchMode: 1, IsHumanControllingUs: 0, StartBugReporterOnCrash: 0, Is64bit: 1, IsPro: 0

COMMAND LINE ARGUMENTS:
D:\WORK_PROGS\2020.3.23f1\Editor\Unity.exe
-adb2
-batchMode
-noUpm
-name
AssetImportWorker0
-projectPath
E:/UNITY_projects/HW29
-logFile
Logs/AssetImportWorker0.log
-srvPort
57368
Successfully changed project path to: E:/UNITY_projects/HW29
E:/UNITY_projects/HW29
Using Asset Import Pipeline V2.
Refreshing native plugins compatible for Editor in 91.14 ms, found 2 plugins.
Preloading 0 native plugins for Editor in 0.00 ms.
Initialize engine version: 2020.3.23f1 (c5d91304a876)
[Subsystems] Discovering subsystems at path D:/WORK_PROGS/2020.3.23f1/Editor/Data/Resources/UnitySubsystems
[Subsystems] Discovering subsystems at path E:/UNITY_projects/HW29/Assets
GfxDevice: creating device client; threaded=0
Direct3D:
    Version:  Direct3D 11.0 [level 11.1]
    Renderer: NVIDIA GeForce RTX 3060 Ti (ID=0x2489)
    Vendor:   
    VRAM:     8050 MB
    Driver:   30.0.15.1277
Initialize mono
Mono path[0] = 'D:/WORK_PROGS/2020.3.23f1/Editor/Data/Managed'
Mono path[1] = 'D:/WORK_PROGS/2020.3.23f1/Editor/Data/MonoBleedingEdge/lib/mono/unityjit'
Mono config path = 'D:/WORK_PROGS/2020.3.23f1/Editor/Data/MonoBleedingEdge/etc'
Using monoOptions --debugger-agent=transport=dt_socket,embedding=1,server=y,suspend=n,address=127.0.0.1:56228
Begin MonoManager ReloadAssembly
Registering precompiled unity dll's ...
Register platform support module: D:/WORK_PROGS/2020.3.23f1/Editor/Data/PlaybackEngines/WindowsStandaloneSupport/UnityEditor.WindowsStandalone.Extensions.dll
Register platform support module: D:/WORK_PROGS/2020.3.23f1/Editor/Data/PlaybackEngines/LinuxStandaloneSupport/UnityEditor.LinuxStandalone.Extensions.dll
Registered in 0.001745 seconds.
Native extension for LinuxStandalone target not found
Native extension for WindowsStandalone target not found
Refreshing native plugins compatible for Editor in 42.12 ms, found 2 plugins.
Preloading 0 native plugins for Editor in 0.00 ms.
Mono: successfully reloaded assembly
- Completed reload, in  0.731 seconds
Domain Reload Profiling:
	ReloadAssembly (732ms)
		BeginReloadAssembly (65ms)
			ExecutionOrderSort (0ms)
			DisableScriptedObjects (0ms)
			BackupInstance (0ms)
			ReleaseScriptingObjects (0ms)
			CreateAndSetChildDomain (1ms)
		EndReloadAssembly (581ms)
			LoadAssemblies (65ms)
			RebuildTransferFunctionScriptingTraits (0ms)
			SetupTypeCache (179ms)
			ReleaseScriptCaches (0ms)
			RebuildScriptCaches (34ms)
			SetupLoadedEditorAssemblies (189ms)
				LogAssemblyErrors (0ms)
				InitializePlatformSupportModulesInManaged (7ms)
				SetLoadedEditorAssemblies (0ms)
				RefreshPlugins (42ms)
				BeforeProcessingInitializeOnLoad (19ms)
				ProcessInitializeOnLoadAttributes (90ms)
				ProcessInitializeOnLoadMethodAttributes (31ms)
				AfterProcessingInitializeOnLoad (0ms)
				EditorAssembliesLoaded (0ms)
			ExecutionOrderSort2 (0ms)
			AwakeInstancesAfterBackupRestoration (0ms)
Platform modules already initialized, skipping
Registering precompiled user dll's ...
Registered in 0.004146 seconds.
Begin MonoManager ReloadAssembly
Native extension for LinuxStandalone target not found
Native extension for WindowsStandalone target not found
Refreshing native plugins compatible for Editor in 47.50 ms, found 2 plugins.
Preloading 0 native plugins for Editor in 0.00 ms.
Mono: successfully reloaded assembly
- Completed reload, in  1.230 seconds
Domain Reload Profiling:
	ReloadAssembly (1231ms)
		BeginReloadAssembly (153ms)
			ExecutionOrderSort (0ms)
			DisableScriptedObjects (5ms)
			BackupInstance (0ms)
			ReleaseScriptingObjects (0ms)
			CreateAndSetChildDomain (24ms)
		EndReloadAssembly (1016ms)
			LoadAssemblies (101ms)
			RebuildTransferFunctionScriptingTraits (0ms)
			SetupTypeCache (338ms)
			ReleaseScriptCaches (0ms)
			RebuildScriptCaches (60ms)
			SetupLoadedEditorAssemblies (388ms)
				LogAssemblyErrors (0ms)
				InitializePlatformSupportModulesInManaged (6ms)
				SetLoadedEditorAssemblies (0ms)
				RefreshPlugins (48ms)
				BeforeProcessingInitializeOnLoad (77ms)
				ProcessInitializeOnLoadAttributes (245ms)
				ProcessInitializeOnLoadMethodAttributes (8ms)
				AfterProcessingInitializeOnLoad (3ms)
				EditorAssembliesLoaded (1ms)
			ExecutionOrderSort2 (0ms)
			AwakeInstancesAfterBackupRestoration (9ms)
Platform modules already initialized, skipping
========================================================================
Worker process is ready to serve import requests
Launched and connected shader compiler UnityShaderCompiler.exe after 0.08 seconds
Refreshing native plugins compatible for Editor in 1.80 ms, found 2 plugins.
Preloading 0 native plugins for Editor in 0.00 ms.
Unloading 2074 Unused Serialized files (Serialized files now loaded: 0)
System memory in use before: 103.4 MB.
System memory in use after: 103.5 MB.

Unloading 20 unused Assets to reduce memory usage. Loaded Objects now: 2526.
Total: 5.394700 ms (FindLiveObjects: 0.187200 ms CreateObjectMapping: 0.079700 ms MarkObjects: 4.949000 ms  DeleteObjects: 0.176600 ms)

AssetImportParameters requested are different than current active one (requested -> active):
  custom:framework-win-MediaFoundation: 216162199b28c13a410421893ffa2e32 -> 
  custom:video-decoder-ogg-theora: a1e56fd34408186e4bbccfd4996cb3dc -> 
  custom:container-muxer-webm: aa71ff27fc2769a1b78a27578f13a17b -> 
  custom:container-demuxer-webm: 4f35f7cbe854078d1ac9338744f61a02 -> 
  custom:container-demuxer-ogg: 62fdf1f143b41e24485cea50d1cbac27 -> 
  custom:video-encoder-webm-vp8: eb34c28f22e8b96e1ab97ce403110664 -> 
  custom:video-decoder-webm-vp8: 9c59270c3fd7afecdb556c50c9e8de78 -> 
  custom:audio-decoder-ogg-vorbis: bf7c407c2cedff20999df2af8eb42d56 -> 
  custom:audio-encoder-webm-vorbis: bf7c407c2cedff20999df2af8eb42d56 -> 
========================================================================
Received Import Request.
  path: Assets/Scenes/Level01.unity
  artifactKey: Guid(9fc0d4010bbf28b4594072e72b8655ab) Importer(815301076,1909f56bfc062723c751e8b465ee728b)
Start importing Assets/Scenes/Level01.unity using Guid(9fc0d4010bbf28b4594072e72b8655ab) Importer(815301076,1909f56bfc062723c751e8b465ee728b)  -> (artifact id: '1237d72ac7245cf605f81472b71acb3c') in 0.021936 seconds 
  Import took 0.026266 seconds .

========================================================================
Received Import Request.
  Time since last request: 244.655785 seconds.
  path: Assets/Scenes/MenuScene.unity
  artifactKey: Guid(cdf6398b24d40af4dbcde663b7d3bfc8) Importer(815301076,1909f56bfc062723c751e8b465ee728b)
Start importing Assets/Scenes/MenuScene.unity using Guid(cdf6398b24d40af4dbcde663b7d3bfc8) Importer(815301076,1909f56bfc062723c751e8b465ee728b)  -> (artifact id: '9cae40ba3538fd6633d9e85d107a9f8c') in 0.006484 seconds 
  Import took 0.010173 seconds .

========================================================================
Received Prepare
Registering precompiled user dll's ...
Registered in 0.002863 seconds.
Begin MonoManager ReloadAssembly
Native extension for LinuxStandalone target not found
Native extension for WindowsStandalone target not found
Refreshing native plugins compatible for Editor in 0.52 ms, found 2 plugins.
Preloading 0 native plugins for Editor in 0.00 ms.
Mono: successfully reloaded assembly
- Completed reload, in  0.937 seconds
Domain Reload Profiling:
	ReloadAssembly (937ms)
		BeginReloadAssembly (116ms)
			ExecutionOrderSort (0ms)
			DisableScriptedObjects (4ms)
			BackupInstance (0ms)
			ReleaseScriptingObjects (0ms)
			CreateAndSetChildDomain (31ms)
		EndReloadAssembly (769ms)
			LoadAssemblies (78ms)
			RebuildTransferFunctionScriptingTraits (0ms)
			SetupTypeCache (268ms)
			ReleaseScriptCaches (1ms)
			RebuildScriptCaches (40ms)
			SetupLoadedEditorAssemblies (279ms)
				LogAssemblyErrors (0ms)
				InitializePlatformSupportModulesInManaged (5ms)
				SetLoadedEditorAssemblies (0ms)
				RefreshPlugins (1ms)
				BeforeProcessingInitializeOnLoad (69ms)
				ProcessInitializeOnLoadAttributes (194ms)
				ProcessInitializeOnLoadMethodAttributes (7ms)
				AfterProcessingInitializeOnLoad (2ms)
				EditorAssembliesLoaded (0ms)
			ExecutionOrderSort2 (0ms)
			AwakeInstancesAfterBackupRestoration (7ms)
Platform modules already initialized, skipping
Switching build target platform(19) subTarget(0) extendedPlatform(0) -> platform(13) subTarget(537395200) extendedPlatform(0)
Refreshing native plugins compatible for Editor in 0.45 ms, found 2 plugins.
Preloading 0 native plugins for Editor in 0.00 ms.
Unloading 2046 Unused Serialized files (Serialized files now loaded: 0)
System memory in use before: 100.5 MB.
System memory in use after: 100.6 MB.

Unloading 15 unused Assets to reduce memory usage. Loaded Objects now: 2528.
Total: 2.760300 ms (FindLiveObjects: 0.247600 ms CreateObjectMapping: 0.087100 ms MarkObjects: 2.407700 ms  DeleteObjects: 0.017000 ms)

AssetImportParameters requested are different than current active one (requested -> active):
  custom:framework-win-MediaFoundation: 216162199b28c13a410421893ffa2e32 -> 
  custom:video-decoder-ogg-theora: a1e56fd34408186e4bbccfd4996cb3dc -> 
  custom:container-muxer-webm: aa71ff27fc2769a1b78a27578f13a17b -> 
  custom:container-demuxer-webm: 4f35f7cbe854078d1ac9338744f61a02 -> 
  custom:container-demuxer-ogg: 62fdf1f143b41e24485cea50d1cbac27 -> 
  custom:video-encoder-webm-vp8: eb34c28f22e8b96e1ab97ce403110664 -> 
  custom:video-decoder-webm-vp8: 9c59270c3fd7afecdb556c50c9e8de78 -> 
  custom:graphics/normal-map-encoding: 01000000000000000000000000000000 -> 02000000000000000000000000000000
  custom:audio-decoder-ogg-vorbis: bf7c407c2cedff20999df2af8eb42d56 -> 
  custom:audio-encoder-webm-vorbis: bf7c407c2cedff20999df2af8eb42d56 -> 
========================================================================
Received Import Request.
  Time since last request: 828.289958 seconds.
  path: Assets/UI/LevelUI 1.prefab
  artifactKey: Guid(d83310abede508f4eac9a24a4c82d548) Importer(815301076,1909f56bfc062723c751e8b465ee728b)
Start importing Assets/UI/LevelUI 1.prefab using Guid(d83310abede508f4eac9a24a4c82d548) Importer(815301076,1909f56bfc062723c751e8b465ee728b)  -> (artifact id: 'a50ede1d0b1891f4f8894067b4621440') in 0.093654 seconds 
  Import took 0.098191 seconds .

========================================================================
Received Import Request.
  Time since last request: 1.857277 seconds.
  path: Assets/UI/LevelUI 1.prefab
  artifactKey: Guid(d83310abede508f4eac9a24a4c82d548) Importer(815301076,1909f56bfc062723c751e8b465ee728b)
Start importing Assets/UI/LevelUI 1.prefab using Guid(d83310abede508f4eac9a24a4c82d548) Importer(815301076,1909f56bfc062723c751e8b465ee728b)  -> (artifact id: '1dab49fb4c7dc5c74b0241b2c73bf05f') in 0.006651 seconds 
  Import took 0.010367 seconds .

========================================================================
Received Import Request.
  Time since last request: 2.993358 seconds.
  path: Assets/UI/LevelUI 1.prefab
  artifactKey: Guid(d83310abede508f4eac9a24a4c82d548) Importer(815301076,1909f56bfc062723c751e8b465ee728b)
Start importing Assets/UI/LevelUI 1.prefab using Guid(d83310abede508f4eac9a24a4c82d548) Importer(815301076,1909f56bfc062723c751e8b465ee728b)  -> (artifact id: 'cd8f2696a1a8476b8f1d695489df9cee') in 0.007172 seconds 
  Import took 0.011251 seconds .

========================================================================
Received Import Request.
  Time since last request: 71.966380 seconds.
  path: Assets/UI/LevelUI 1.prefab
  artifactKey: Guid(d83310abede508f4eac9a24a4c82d548) Importer(815301076,1909f56bfc062723c751e8b465ee728b)
Start importing Assets/UI/LevelUI 1.prefab using Guid(d83310abede508f4eac9a24a4c82d548) Importer(815301076,1909f56bfc062723c751e8b465ee728b)  -> (artifact id: 'f8bf736ed52ae805136121abd2a211e0') in 0.011180 seconds 
  Import took 0.014832 seconds .

========================================================================
Received Import Request.
  Time since last request: 103.372645 seconds.
  path: Assets/UI/LevelUI 1.prefab
  artifactKey: Guid(d83310abede508f4eac9a24a4c82d548) Importer(815301076,1909f56bfc062723c751e8b465ee728b)
Start importing Assets/UI/LevelUI 1.prefab using Guid(d83310abede508f4eac9a24a4c82d548) Importer(815301076,1909f56bfc062723c751e8b465ee728b)  -> (artifact id: 'd97d174ed9f33c5c35e124cb3dc32e65') in 0.010682 seconds 
  Import took 0.014654 seconds .

========================================================================
Received Import Request.
  Time since last request: 4.565872 seconds.
  path: Assets/UI/LevelUI 1.prefab
  artifactKey: Guid(d83310abede508f4eac9a24a4c82d548) Importer(815301076,1909f56bfc062723c751e8b465ee728b)
Start importing Assets/UI/LevelUI 1.prefab using Guid(d83310abede508f4eac9a24a4c82d548) Importer(815301076,1909f56bfc062723c751e8b465ee728b)  -> (artifact id: '84a13969c550463909214eb7d1606840') in 0.006897 seconds 
  Import took 0.010531 seconds .

========================================================================
Received Import Request.
  Time since last request: 6.203217 seconds.
  path: Assets/UI/LevelUI 1.prefab
  artifactKey: Guid(d83310abede508f4eac9a24a4c82d548) Importer(815301076,1909f56bfc062723c751e8b465ee728b)
Start importing Assets/UI/LevelUI 1.prefab using Guid(d83310abede508f4eac9a24a4c82d548) Importer(815301076,1909f56bfc062723c751e8b465ee728b)  -> (artifact id: '86267bad725d3a7908e5e31030becf15') in 0.007758 seconds 
  Import took 0.011472 seconds .

========================================================================
Received Import Request.
  Time since last request: 3.464876 seconds.
  path: Assets/UI/LevelUI 1.prefab
  artifactKey: Guid(d83310abede508f4eac9a24a4c82d548) Importer(815301076,1909f56bfc062723c751e8b465ee728b)
Start importing Assets/UI/LevelUI 1.prefab using Guid(d83310abede508f4eac9a24a4c82d548) Importer(815301076,1909f56bfc062723c751e8b465ee728b)  -> (artifact id: 'b0fc57ce21f0b8f7c835cce1f585b879') in 0.006840 seconds 
  Import took 0.010437 seconds .

========================================================================
Received Import Request.
  Time since last request: 12.551208 seconds.
  path: Assets/UI/LevelUI 1.prefab
  artifactKey: Guid(d83310abede508f4eac9a24a4c82d548) Importer(815301076,1909f56bfc062723c751e8b465ee728b)
Start importing Assets/UI/LevelUI 1.prefab using Guid(d83310abede508f4eac9a24a4c82d548) Importer(815301076,1909f56bfc062723c751e8b465ee728b)  -> (artifact id: '09c94d687d635055da998f0858f5b6b2') in 0.007985 seconds 
  Import took 0.011620 seconds .

========================================================================
Received Import Request.
  Time since last request: 2.001570 seconds.
  path: Assets/UI/LevelUI 1.prefab
  artifactKey: Guid(d83310abede508f4eac9a24a4c82d548) Importer(815301076,1909f56bfc062723c751e8b465ee728b)
Start importing Assets/UI/LevelUI 1.prefab using Guid(d83310abede508f4eac9a24a4c82d548) Importer(815301076,1909f56bfc062723c751e8b465ee728b)  -> (artifact id: '36b64026ed7d9eb3b4f3b67bad7c4508') in 0.008349 seconds 
  Import took 0.011805 seconds .

========================================================================
Received Import Request.
  Time since last request: 3.681122 seconds.
  path: Assets/UI/LevelUI 1.prefab
  artifactKey: Guid(d83310abede508f4eac9a24a4c82d548) Importer(815301076,1909f56bfc062723c751e8b465ee728b)
Start importing Assets/UI/LevelUI 1.prefab using Guid(d83310abede508f4eac9a24a4c82d548) Importer(815301076,1909f56bfc062723c751e8b465ee728b)  -> (artifact id: '0b75f3afec8a29e8bc22bd8c8fa2de2b') in 0.008216 seconds 
  Import took 0.011689 seconds .

========================================================================
Received Import Request.
  Time since last request: 5.662589 seconds.
  path: Assets/UI/LevelUI 1.prefab
  artifactKey: Guid(d83310abede508f4eac9a24a4c82d548) Importer(815301076,1909f56bfc062723c751e8b465ee728b)
Start importing Assets/UI/LevelUI 1.prefab using Guid(d83310abede508f4eac9a24a4c82d548) Importer(815301076,1909f56bfc062723c751e8b465ee728b)  -> (artifact id: '9e9e6bd373ea69ed03a5c01170196ba8') in 0.007013 seconds 
  Import took 0.010347 seconds .

========================================================================
Received Import Request.
  Time since last request: 1.794686 seconds.
  path: Assets/UI/LevelUI 1.prefab
  artifactKey: Guid(d83310abede508f4eac9a24a4c82d548) Importer(815301076,1909f56bfc062723c751e8b465ee728b)
Start importing Assets/UI/LevelUI 1.prefab using Guid(d83310abede508f4eac9a24a4c82d548) Importer(815301076,1909f56bfc062723c751e8b465ee728b)  -> (artifact id: '6a91b3df734e35bb51c4597bde443d9c') in 0.005743 seconds 
  Import took 0.009728 seconds .

========================================================================
Received Import Request.
  Time since last request: 5.165079 seconds.
  path: Assets/UI/LevelUI 1.prefab
  artifactKey: Guid(d83310abede508f4eac9a24a4c82d548) Importer(815301076,1909f56bfc062723c751e8b465ee728b)
Start importing Assets/UI/LevelUI 1.prefab using Guid(d83310abede508f4eac9a24a4c82d548) Importer(815301076,1909f56bfc062723c751e8b465ee728b)  -> (artifact id: '4866b0cf92b9c319bdabf9d5b61bf2ac') in 0.189397 seconds 
  Import took 0.297773 seconds .

========================================================================
Received Import Request.
  Time since last request: 1.311261 seconds.
  path: Assets/UI/LevelUI 1.prefab
  artifactKey: Guid(d83310abede508f4eac9a24a4c82d548) Importer(815301076,1909f56bfc062723c751e8b465ee728b)
Start importing Assets/UI/LevelUI 1.prefab using Guid(d83310abede508f4eac9a24a4c82d548) Importer(815301076,1909f56bfc062723c751e8b465ee728b)  -> (artifact id: '26d9d28f367ca3b94496f24d113c126b') in 0.007020 seconds 
  Import took 0.011147 seconds .

========================================================================
Received Import Request.
  Time since last request: 2.423330 seconds.
  path: Assets/UI/LevelUI 1.prefab
  artifactKey: Guid(d83310abede508f4eac9a24a4c82d548) Importer(815301076,1909f56bfc062723c751e8b465ee728b)
Start importing Assets/UI/LevelUI 1.prefab using Guid(d83310abede508f4eac9a24a4c82d548) Importer(815301076,1909f56bfc062723c751e8b465ee728b)  -> (artifact id: '585422208277f958738cb2912630c92b') in 0.009524 seconds 
  Import took 0.013296 seconds .

========================================================================
Received Import Request.
  Time since last request: 63.561614 seconds.
  path: Assets/UI/LevelUI 1.prefab
  artifactKey: Guid(d83310abede508f4eac9a24a4c82d548) Importer(815301076,1909f56bfc062723c751e8b465ee728b)
Start importing Assets/UI/LevelUI 1.prefab using Guid(d83310abede508f4eac9a24a4c82d548) Importer(815301076,1909f56bfc062723c751e8b465ee728b)  -> (artifact id: 'a82c204f1f2682a302ef8ee07f6bbbc8') in 0.007610 seconds 
  Import took 0.038287 seconds .

========================================================================
Received Import Request.
  Time since last request: 4.262687 seconds.
  path: Assets/UI/LevelUI 1.prefab
  artifactKey: Guid(d83310abede508f4eac9a24a4c82d548) Importer(815301076,1909f56bfc062723c751e8b465ee728b)
Start importing Assets/UI/LevelUI 1.prefab using Guid(d83310abede508f4eac9a24a4c82d548) Importer(815301076,1909f56bfc062723c751e8b465ee728b)  -> (artifact id: '9ac016bd0d3f60da27149f1c3d733700') in 0.010188 seconds 
  Import took 0.013654 seconds .

========================================================================
Received Import Request.
  Time since last request: 10.494429 seconds.
  path: Assets/UI/LevelUI 1.prefab
  artifactKey: Guid(d83310abede508f4eac9a24a4c82d548) Importer(815301076,1909f56bfc062723c751e8b465ee728b)
Start importing Assets/UI/LevelUI 1.prefab using Guid(d83310abede508f4eac9a24a4c82d548) Importer(815301076,1909f56bfc062723c751e8b465ee728b)  -> (artifact id: '77feaf82927b398c7835519f4f354e68') in 0.006253 seconds 
  Import took 0.009717 seconds .

========================================================================
Received Import Request.
  Time since last request: 15.930227 seconds.
  path: Assets/UI/LevelUI 1.prefab
  artifactKey: Guid(d83310abede508f4eac9a24a4c82d548) Importer(815301076,1909f56bfc062723c751e8b465ee728b)
Start importing Assets/UI/LevelUI 1.prefab using Guid(d83310abede508f4eac9a24a4c82d548) Importer(815301076,1909f56bfc062723c751e8b465ee728b)  -> (artifact id: '99f887af9e8ae3006feccb371e2e6f93') in 0.006197 seconds 
  Import took 0.009981 seconds .

========================================================================
Received Import Request.
  Time since last request: 9.114824 seconds.
  path: Assets/UI/LevelUI 1.prefab
  artifactKey: Guid(d83310abede508f4eac9a24a4c82d548) Importer(815301076,1909f56bfc062723c751e8b465ee728b)
Start importing Assets/UI/LevelUI 1.prefab using Guid(d83310abede508f4eac9a24a4c82d548) Importer(815301076,1909f56bfc062723c751e8b465ee728b)  -> (artifact id: 'e4d1531320287a2e188ef5a2006e147a') in 0.007155 seconds 
  Import took 0.010943 seconds .

========================================================================
Received Import Request.
  Time since last request: 5.434774 seconds.
  path: Assets/UI/LevelUI 1.prefab
  artifactKey: Guid(d83310abede508f4eac9a24a4c82d548) Importer(815301076,1909f56bfc062723c751e8b465ee728b)
Start importing Assets/UI/LevelUI 1.prefab using Guid(d83310abede508f4eac9a24a4c82d548) Importer(815301076,1909f56bfc062723c751e8b465ee728b)  -> (artifact id: 'eade3c78f0c30dd2df27beb6729730c0') in 0.006613 seconds 
  Import took 0.010313 seconds .

========================================================================
Received Import Request.
  Time since last request: 116.843429 seconds.
  path: Assets/UI/LevelUI 1.prefab
  artifactKey: Guid(d83310abede508f4eac9a24a4c82d548) Importer(815301076,1909f56bfc062723c751e8b465ee728b)
Start importing Assets/UI/LevelUI 1.prefab using Guid(d83310abede508f4eac9a24a4c82d548) Importer(815301076,1909f56bfc062723c751e8b465ee728b)  -> (artifact id: 'dca6cf55862019834f0199e9d317366a') in 0.014063 seconds 
  Import took 0.019727 seconds .

========================================================================
Received Import Request.
  Time since last request: 1.791403 seconds.
  path: Assets/UI/LevelUI 1.prefab
  artifactKey: Guid(d83310abede508f4eac9a24a4c82d548) Importer(815301076,1909f56bfc062723c751e8b465ee728b)
Start importing Assets/UI/LevelUI 1.prefab using Guid(d83310abede508f4eac9a24a4c82d548) Importer(815301076,1909f56bfc062723c751e8b465ee728b)  -> (artifact id: '6072cac719475e5eabe46d7d06a63698') in 0.006550 seconds 
  Import took 0.010664 seconds .

========================================================================
Received Import Request.
  Time since last request: 10.135858 seconds.
  path: Assets/UI/LevelUI 1.prefab
  artifactKey: Guid(d83310abede508f4eac9a24a4c82d548) Importer(815301076,1909f56bfc062723c751e8b465ee728b)
Start importing Assets/UI/LevelUI 1.prefab using Guid(d83310abede508f4eac9a24a4c82d548) Importer(815301076,1909f56bfc062723c751e8b465ee728b)  -> (artifact id: '58b5f6a33a08126c2f049a9ed344d2e9') in 0.007130 seconds 
  Import took 0.010545 seconds .

========================================================================
Received Import Request.
  Time since last request: 4.649162 seconds.
  path: Assets/UI/LevelUI 1.prefab
  artifactKey: Guid(d83310abede508f4eac9a24a4c82d548) Importer(815301076,1909f56bfc062723c751e8b465ee728b)
Start importing Assets/UI/LevelUI 1.prefab using Guid(d83310abede508f4eac9a24a4c82d548) Importer(815301076,1909f56bfc062723c751e8b465ee728b)  -> (artifact id: '6831f16782cbf128c301d117adb8fde0') in 0.006095 seconds 
  Import took 0.009455 seconds .

========================================================================
Received Import Request.
  Time since last request: 6.280051 seconds.
  path: Assets/UI/LevelUI 1.prefab
  artifactKey: Guid(d83310abede508f4eac9a24a4c82d548) Importer(815301076,1909f56bfc062723c751e8b465ee728b)
Start importing Assets/UI/LevelUI 1.prefab using Guid(d83310abede508f4eac9a24a4c82d548) Importer(815301076,1909f56bfc062723c751e8b465ee728b)  -> (artifact id: 'e1805d48930b29f740c2b3994d64a69f') in 0.007112 seconds 
  Import took 0.011094 seconds .

========================================================================
Received Import Request.
  Time since last request: 0.593577 seconds.
  path: Assets/UI/LevelUI 1.prefab
  artifactKey: Guid(d83310abede508f4eac9a24a4c82d548) Importer(815301076,1909f56bfc062723c751e8b465ee728b)
Start importing Assets/UI/LevelUI 1.prefab using Guid(d83310abede508f4eac9a24a4c82d548) Importer(815301076,1909f56bfc062723c751e8b465ee728b)  -> (artifact id: '66b958220752e70cfd570b6d2bedbb50') in 0.006431 seconds 
  Import took 0.010372 seconds .

========================================================================
Received Import Request.
  Time since last request: 3.049323 seconds.
  path: Assets/UI/LevelUI 1.prefab
  artifactKey: Guid(d83310abede508f4eac9a24a4c82d548) Importer(815301076,1909f56bfc062723c751e8b465ee728b)
Start importing Assets/UI/LevelUI 1.prefab using Guid(d83310abede508f4eac9a24a4c82d548) Importer(815301076,1909f56bfc062723c751e8b465ee728b)  -> (artifact id: '95da884afdd21a0de9f1ab021be4c660') in 0.005938 seconds 
  Import took 0.009278 seconds .

========================================================================
Received Import Request.
  Time since last request: 2.883535 seconds.
  path: Assets/UI/LevelUI 1.prefab
  artifactKey: Guid(d83310abede508f4eac9a24a4c82d548) Importer(815301076,1909f56bfc062723c751e8b465ee728b)
Start importing Assets/UI/LevelUI 1.prefab using Guid(d83310abede508f4eac9a24a4c82d548) Importer(815301076,1909f56bfc062723c751e8b465ee728b)  -> (artifact id: '762b071a3c637ed8980199f59a413e1d') in 0.067826 seconds 
  Import took 0.083949 seconds .

========================================================================
Received Import Request.
  Time since last request: 7.027247 seconds.
  path: Assets/UI/LevelUI 1.prefab
  artifactKey: Guid(d83310abede508f4eac9a24a4c82d548) Importer(815301076,1909f56bfc062723c751e8b465ee728b)
Start importing Assets/UI/LevelUI 1.prefab using Guid(d83310abede508f4eac9a24a4c82d548) Importer(815301076,1909f56bfc062723c751e8b465ee728b)  -> (artifact id: '5467911ce82ffaa3677f3851d9d0fd51') in 0.010989 seconds 
  Import took 0.014788 seconds .

========================================================================
Received Import Request.
  Time since last request: 1.009056 seconds.
  path: Assets/UI/LevelUI 1.prefab
  artifactKey: Guid(d83310abede508f4eac9a24a4c82d548) Importer(815301076,1909f56bfc062723c751e8b465ee728b)
Start importing Assets/UI/LevelUI 1.prefab using Guid(d83310abede508f4eac9a24a4c82d548) Importer(815301076,1909f56bfc062723c751e8b465ee728b)  -> (artifact id: '7cf027783c7df0b59b5f8db56e80ee3d') in 0.006042 seconds 
  Import took 0.009839 seconds .

========================================================================
Received Import Request.
  Time since last request: 2.208216 seconds.
  path: Assets/UI/LevelUI 1.prefab
  artifactKey: Guid(d83310abede508f4eac9a24a4c82d548) Importer(815301076,1909f56bfc062723c751e8b465ee728b)
Start importing Assets/UI/LevelUI 1.prefab using Guid(d83310abede508f4eac9a24a4c82d548) Importer(815301076,1909f56bfc062723c751e8b465ee728b)  -> (artifact id: '9a8d9dbd5f39efa9d278f0ebe09c4bbc') in 0.005893 seconds 
  Import took 0.009411 seconds .

========================================================================
Received Import Request.
  Time since last request: 7.690696 seconds.
  path: Assets/UI/LevelUI 1.prefab
  artifactKey: Guid(d83310abede508f4eac9a24a4c82d548) Importer(815301076,1909f56bfc062723c751e8b465ee728b)
Start importing Assets/UI/LevelUI 1.prefab using Guid(d83310abede508f4eac9a24a4c82d548) Importer(815301076,1909f56bfc062723c751e8b465ee728b)  -> (artifact id: '9a51ce63a244200d4dcff87eb85cb7c0') in 0.007683 seconds 
  Import took 0.011581 seconds .

========================================================================
Received Import Request.
  Time since last request: 1.404004 seconds.
  path: Assets/UI/LevelUI 1.prefab
  artifactKey: Guid(d83310abede508f4eac9a24a4c82d548) Importer(815301076,1909f56bfc062723c751e8b465ee728b)
Start importing Assets/UI/LevelUI 1.prefab using Guid(d83310abede508f4eac9a24a4c82d548) Importer(815301076,1909f56bfc062723c751e8b465ee728b)  -> (artifact id: '246bd8397e37fb9e17c0166bb8f148bc') in 0.006251 seconds 
  Import took 0.009802 seconds .

========================================================================
Received Import Request.
  Time since last request: 0.810604 seconds.
  path: Assets/UI/LevelUI 1.prefab
  artifactKey: Guid(d83310abede508f4eac9a24a4c82d548) Importer(815301076,1909f56bfc062723c751e8b465ee728b)
Start importing Assets/UI/LevelUI 1.prefab using Guid(d83310abede508f4eac9a24a4c82d548) Importer(815301076,1909f56bfc062723c751e8b465ee728b)  -> (artifact id: '5d7e269e12e01ae2b8445777857634e6') in 0.005787 seconds 
  Import took 0.009356 seconds .

========================================================================
Received Import Request.
  Time since last request: 0.814948 seconds.
  path: Assets/UI/LevelUI 1.prefab
  artifactKey: Guid(d83310abede508f4eac9a24a4c82d548) Importer(815301076,1909f56bfc062723c751e8b465ee728b)
Start importing Assets/UI/LevelUI 1.prefab using Guid(d83310abede508f4eac9a24a4c82d548) Importer(815301076,1909f56bfc062723c751e8b465ee728b)  -> (artifact id: 'b78871a28cd3494fec175b6c136af0b6') in 0.006871 seconds 
  Import took 0.010602 seconds .

========================================================================
Received Import Request.
  Time since last request: 1.407258 seconds.
  path: Assets/UI/LevelUI 1.prefab
  artifactKey: Guid(d83310abede508f4eac9a24a4c82d548) Importer(815301076,1909f56bfc062723c751e8b465ee728b)
Start importing Assets/UI/LevelUI 1.prefab using Guid(d83310abede508f4eac9a24a4c82d548) Importer(815301076,1909f56bfc062723c751e8b465ee728b)  -> (artifact id: '3f139c9084b58d499cb71a856cc5dccf') in 0.005918 seconds 
  Import took 0.010009 seconds .

========================================================================
Received Import Request.
  Time since last request: 1.425022 seconds.
  path: Assets/UI/LevelUI 1.prefab
  artifactKey: Guid(d83310abede508f4eac9a24a4c82d548) Importer(815301076,1909f56bfc062723c751e8b465ee728b)
Start importing Assets/UI/LevelUI 1.prefab using Guid(d83310abede508f4eac9a24a4c82d548) Importer(815301076,1909f56bfc062723c751e8b465ee728b)  -> (artifact id: '99dfb5ca214a0d58307ce558907ad7cc') in 0.006757 seconds 
  Import took 0.010254 seconds .

========================================================================
Received Import Request.
  Time since last request: 3.640054 seconds.
  path: Assets/UI/LevelUI 1.prefab
  artifactKey: Guid(d83310abede508f4eac9a24a4c82d548) Importer(815301076,1909f56bfc062723c751e8b465ee728b)
Start importing Assets/UI/LevelUI 1.prefab using Guid(d83310abede508f4eac9a24a4c82d548) Importer(815301076,1909f56bfc062723c751e8b465ee728b)  -> (artifact id: 'a795de120cdec668a87ea433fff70703') in 0.006080 seconds 
  Import took 0.009688 seconds .

========================================================================
Received Import Request.
  Time since last request: 7.257810 seconds.
  path: Assets/UI/LevelUI 1.prefab
  artifactKey: Guid(d83310abede508f4eac9a24a4c82d548) Importer(815301076,1909f56bfc062723c751e8b465ee728b)
Start importing Assets/UI/LevelUI 1.prefab using Guid(d83310abede508f4eac9a24a4c82d548) Importer(815301076,1909f56bfc062723c751e8b465ee728b)  -> (artifact id: '0d0da7a20041d697f31d67549f72a6a4') in 0.006313 seconds 
  Import took 0.010686 seconds .

========================================================================
Received Import Request.
  Time since last request: 8.619108 seconds.
  path: Assets/UI/LevelUI 1.prefab
  artifactKey: Guid(d83310abede508f4eac9a24a4c82d548) Importer(815301076,1909f56bfc062723c751e8b465ee728b)
Start importing Assets/UI/LevelUI 1.prefab using Guid(d83310abede508f4eac9a24a4c82d548) Importer(815301076,1909f56bfc062723c751e8b465ee728b)  -> (artifact id: '16b1b634e10af748e070c46621433b74') in 0.007413 seconds 
  Import took 0.011649 seconds .

========================================================================
Received Import Request.
  Time since last request: 1.407053 seconds.
  path: Assets/UI/LevelUI 1.prefab
  artifactKey: Guid(d83310abede508f4eac9a24a4c82d548) Importer(815301076,1909f56bfc062723c751e8b465ee728b)
Start importing Assets/UI/LevelUI 1.prefab using Guid(d83310abede508f4eac9a24a4c82d548) Importer(815301076,1909f56bfc062723c751e8b465ee728b)  -> (artifact id: '3016e9a8daa18876e7f1441b41e0b9b6') in 0.007052 seconds 
  Import took 0.011078 seconds .

========================================================================
Received Import Request.
  Time since last request: 758.769813 seconds.
  path: Assets/UI/LevelUI 1.prefab
  artifactKey: Guid(d83310abede508f4eac9a24a4c82d548) Importer(815301076,1909f56bfc062723c751e8b465ee728b)
Start importing Assets/UI/LevelUI 1.prefab using Guid(d83310abede508f4eac9a24a4c82d548) Importer(815301076,1909f56bfc062723c751e8b465ee728b)  -> (artifact id: '42f87d77e0a13a97317d2005eb4276fe') in 0.009972 seconds 
  Import took 0.014224 seconds .

========================================================================
Received Import Request.
  Time since last request: 26.268461 seconds.
  path: Assets/UI/LevelUI 1.prefab
  artifactKey: Guid(d83310abede508f4eac9a24a4c82d548) Importer(815301076,1909f56bfc062723c751e8b465ee728b)
Start importing Assets/UI/LevelUI 1.prefab using Guid(d83310abede508f4eac9a24a4c82d548) Importer(815301076,1909f56bfc062723c751e8b465ee728b)  -> (artifact id: 'f30c9fa343b60250f9fa0b58ea3383ad') in 0.006187 seconds 
  Import took 0.009670 seconds .

========================================================================
Received Import Request.
  Time since last request: 28.323010 seconds.
  path: Assets/UI/LevelUI 1.prefab
  artifactKey: Guid(d83310abede508f4eac9a24a4c82d548) Importer(815301076,1909f56bfc062723c751e8b465ee728b)
Start importing Assets/UI/LevelUI 1.prefab using Guid(d83310abede508f4eac9a24a4c82d548) Importer(815301076,1909f56bfc062723c751e8b465ee728b)  -> (artifact id: 'f8cc79b6766a7ec996323c6f0767ce8e') in 0.008921 seconds 
  Import took 0.012584 seconds .

========================================================================
Received Import Request.
  Time since last request: 2.013209 seconds.
  path: Assets/UI/LevelUI 1.prefab
  artifactKey: Guid(d83310abede508f4eac9a24a4c82d548) Importer(815301076,1909f56bfc062723c751e8b465ee728b)
Start importing Assets/UI/LevelUI 1.prefab using Guid(d83310abede508f4eac9a24a4c82d548) Importer(815301076,1909f56bfc062723c751e8b465ee728b)  -> (artifact id: 'a8cb3049b6121309bebff7385d1be4d2') in 0.006953 seconds 
  Import took 0.010905 seconds .

========================================================================
Received Import Request.
  Time since last request: 3.618749 seconds.
  path: Assets/UI/LevelUI 1.prefab
  artifactKey: Guid(d83310abede508f4eac9a24a4c82d548) Importer(815301076,1909f56bfc062723c751e8b465ee728b)
Start importing Assets/UI/LevelUI 1.prefab using Guid(d83310abede508f4eac9a24a4c82d548) Importer(815301076,1909f56bfc062723c751e8b465ee728b)  -> (artifact id: '1ab735e8441257a66ec123d527e65079') in 0.007104 seconds 
  Import took 0.010764 seconds .

========================================================================
Received Import Request.
  Time since last request: 2.213569 seconds.
  path: Assets/UI/LevelUI 1.prefab
  artifactKey: Guid(d83310abede508f4eac9a24a4c82d548) Importer(815301076,1909f56bfc062723c751e8b465ee728b)
Start importing Assets/UI/LevelUI 1.prefab using Guid(d83310abede508f4eac9a24a4c82d548) Importer(815301076,1909f56bfc062723c751e8b465ee728b)  -> (artifact id: 'da20b3f9367f6e0e484b42cea4cdf809') in 0.006325 seconds 
  Import took 0.010066 seconds .

========================================================================
Received Import Request.
  Time since last request: 2.633794 seconds.
  path: Assets/UI/LevelUI 1.prefab
  artifactKey: Guid(d83310abede508f4eac9a24a4c82d548) Importer(815301076,1909f56bfc062723c751e8b465ee728b)
Start importing Assets/UI/LevelUI 1.prefab using Guid(d83310abede508f4eac9a24a4c82d548) Importer(815301076,1909f56bfc062723c751e8b465ee728b)  -> (artifact id: '2c8af3c5142542d407f79f0b99be70f2') in 0.005835 seconds 
  Import took 0.009387 seconds .

========================================================================
Received Import Request.
  Time since last request: 23.216960 seconds.
  path: Assets/UI/LevelUI 1.prefab
  artifactKey: Guid(d83310abede508f4eac9a24a4c82d548) Importer(815301076,1909f56bfc062723c751e8b465ee728b)
Start importing Assets/UI/LevelUI 1.prefab using Guid(d83310abede508f4eac9a24a4c82d548) Importer(815301076,1909f56bfc062723c751e8b465ee728b)  -> (artifact id: '79c2ae8e41ce9c0d6424ec9d28d56adb') in 0.006697 seconds 
  Import took 0.010007 seconds .

========================================================================
Received Import Request.
  Time since last request: 4.968638 seconds.
  path: Assets/UI/LevelUI 1.prefab
  artifactKey: Guid(d83310abede508f4eac9a24a4c82d548) Importer(815301076,1909f56bfc062723c751e8b465ee728b)
Start importing Assets/UI/LevelUI 1.prefab using Guid(d83310abede508f4eac9a24a4c82d548) Importer(815301076,1909f56bfc062723c751e8b465ee728b)  -> (artifact id: '3bf7a85ae9c5056e7770c5616ec111f3') in 0.006665 seconds 
  Import took 0.010610 seconds .

========================================================================
Received Import Request.
  Time since last request: 2.404467 seconds.
  path: Assets/UI/LevelUI 1.prefab
  artifactKey: Guid(d83310abede508f4eac9a24a4c82d548) Importer(815301076,1909f56bfc062723c751e8b465ee728b)
Start importing Assets/UI/LevelUI 1.prefab using Guid(d83310abede508f4eac9a24a4c82d548) Importer(815301076,1909f56bfc062723c751e8b465ee728b)  -> (artifact id: 'e7b006d3d6f05fe686a431296160d90b') in 0.005844 seconds 
  Import took 0.009808 seconds .

========================================================================
Received Import Request.
  Time since last request: 166.226149 seconds.
  path: Assets/Scenes/MenuScene.unity
  artifactKey: Guid(cdf6398b24d40af4dbcde663b7d3bfc8) Importer(815301076,1909f56bfc062723c751e8b465ee728b)
Start importing Assets/Scenes/MenuScene.unity using Guid(cdf6398b24d40af4dbcde663b7d3bfc8) Importer(815301076,1909f56bfc062723c751e8b465ee728b)  -> (artifact id: 'd8271304231853f93926c5fd9946ece2') in 0.004964 seconds 
  Import took 0.008948 seconds .

========================================================================
Received Prepare
Registering precompiled user dll's ...
Registered in 0.003044 seconds.
Begin MonoManager ReloadAssembly
Native extension for LinuxStandalone target not found
Native extension for WindowsStandalone target not found
Refreshing native plugins compatible for Editor in 0.44 ms, found 2 plugins.
Preloading 0 native plugins for Editor in 0.00 ms.
Mono: successfully reloaded assembly
- Completed reload, in  1.017 seconds
Domain Reload Profiling:
	ReloadAssembly (1017ms)
		BeginReloadAssembly (138ms)
			ExecutionOrderSort (0ms)
			DisableScriptedObjects (4ms)
			BackupInstance (0ms)
			ReleaseScriptingObjects (0ms)
			CreateAndSetChildDomain (44ms)
		EndReloadAssembly (829ms)
			LoadAssemblies (79ms)
			RebuildTransferFunctionScriptingTraits (0ms)
			SetupTypeCache (264ms)
			ReleaseScriptCaches (1ms)
			RebuildScriptCaches (62ms)
			SetupLoadedEditorAssemblies (319ms)
				LogAssemblyErrors (0ms)
				InitializePlatformSupportModulesInManaged (6ms)
				SetLoadedEditorAssemblies (0ms)
				RefreshPlugins (0ms)
				BeforeProcessingInitializeOnLoad (76ms)
				ProcessInitializeOnLoadAttributes (226ms)
				ProcessInitializeOnLoadMethodAttributes (8ms)
				AfterProcessingInitializeOnLoad (2ms)
				EditorAssembliesLoaded (0ms)
			ExecutionOrderSort2 (0ms)
			AwakeInstancesAfterBackupRestoration (7ms)
Platform modules already initialized, skipping
Switching build target platform(19) subTarget(0) extendedPlatform(0) -> platform(13) subTarget(537395200) extendedPlatform(0)
Refreshing native plugins compatible for Editor in 0.61 ms, found 2 plugins.
Preloading 0 native plugins for Editor in 0.00 ms.
Unloading 2046 Unused Serialized files (Serialized files now loaded: 0)
System memory in use before: 100.6 MB.
System memory in use after: 100.7 MB.

Unloading 16 unused Assets to reduce memory usage. Loaded Objects now: 2532.
Total: 2.881600 ms (FindLiveObjects: 0.183200 ms CreateObjectMapping: 0.072900 ms MarkObjects: 2.597600 ms  DeleteObjects: 0.027000 ms)

AssetImportParameters requested are different than current active one (requested -> active):
  custom:framework-win-MediaFoundation: 216162199b28c13a410421893ffa2e32 -> 
  custom:video-decoder-ogg-theora: a1e56fd34408186e4bbccfd4996cb3dc -> 
  custom:container-muxer-webm: aa71ff27fc2769a1b78a27578f13a17b -> 
  custom:container-demuxer-webm: 4f35f7cbe854078d1ac9338744f61a02 -> 
  custom:container-demuxer-ogg: 62fdf1f143b41e24485cea50d1cbac27 -> 
  custom:video-encoder-webm-vp8: eb34c28f22e8b96e1ab97ce403110664 -> 
  custom:video-decoder-webm-vp8: 9c59270c3fd7afecdb556c50c9e8de78 -> 
  custom:graphics/normal-map-encoding: 01000000000000000000000000000000 -> 02000000000000000000000000000000
  custom:audio-decoder-ogg-vorbis: bf7c407c2cedff20999df2af8eb42d56 -> 
  custom:audio-encoder-webm-vorbis: bf7c407c2cedff20999df2af8eb42d56 -> 
========================================================================
Received Import Request.
  Time since last request: 49.113366 seconds.
  path: Assets/Scenes/MenuScene.unity
  artifactKey: Guid(cdf6398b24d40af4dbcde663b7d3bfc8) Importer(815301076,1909f56bfc062723c751e8b465ee728b)
Start importing Assets/Scenes/MenuScene.unity using Guid(cdf6398b24d40af4dbcde663b7d3bfc8) Importer(815301076,1909f56bfc062723c751e8b465ee728b)  -> (artifact id: 'ad719db5964cd3f429669d9153921877') in 0.096106 seconds 
  Import took 0.102385 seconds .

========================================================================
Received Prepare
Registering precompiled user dll's ...
Registered in 0.003408 seconds.
Begin MonoManager ReloadAssembly
Native extension for LinuxStandalone target not found
Native extension for WindowsStandalone target not found
Refreshing native plugins compatible for Editor in 0.45 ms, found 2 plugins.
Preloading 0 native plugins for Editor in 0.00 ms.
Mono: successfully reloaded assembly
- Completed reload, in  0.924 seconds
Domain Reload Profiling:
	ReloadAssembly (924ms)
		BeginReloadAssembly (98ms)
			ExecutionOrderSort (0ms)
			DisableScriptedObjects (4ms)
			BackupInstance (0ms)
			ReleaseScriptingObjects (0ms)
			CreateAndSetChildDomain (29ms)
		EndReloadAssembly (775ms)
			LoadAssemblies (79ms)
			RebuildTransferFunctionScriptingTraits (0ms)
			SetupTypeCache (268ms)
			ReleaseScriptCaches (1ms)
			RebuildScriptCaches (39ms)
			SetupLoadedEditorAssemblies (285ms)
				LogAssemblyErrors (0ms)
				InitializePlatformSupportModulesInManaged (6ms)
				SetLoadedEditorAssemblies (0ms)
				RefreshPlugins (0ms)
				BeforeProcessingInitializeOnLoad (69ms)
				ProcessInitializeOnLoadAttributes (199ms)
				ProcessInitializeOnLoadMethodAttributes (7ms)
				AfterProcessingInitializeOnLoad (2ms)
				EditorAssembliesLoaded (0ms)
			ExecutionOrderSort2 (0ms)
			AwakeInstancesAfterBackupRestoration (7ms)
Platform modules already initialized, skipping
Switching build target platform(19) subTarget(0) extendedPlatform(0) -> platform(13) subTarget(537395200) extendedPlatform(0)
Refreshing native plugins compatible for Editor in 0.45 ms, found 2 plugins.
Preloading 0 native plugins for Editor in 0.00 ms.
Unloading 2046 Unused Serialized files (Serialized files now loaded: 0)
System memory in use before: 100.6 MB.
System memory in use after: 100.7 MB.

Unloading 15 unused Assets to reduce memory usage. Loaded Objects now: 2534.
Total: 2.727700 ms (FindLiveObjects: 0.181100 ms CreateObjectMapping: 0.067000 ms MarkObjects: 2.462800 ms  DeleteObjects: 0.016100 ms)

AssetImportParameters requested are different than current active one (requested -> active):
  custom:framework-win-MediaFoundation: 216162199b28c13a410421893ffa2e32 -> 
  custom:video-decoder-ogg-theora: a1e56fd34408186e4bbccfd4996cb3dc -> 
  custom:container-muxer-webm: aa71ff27fc2769a1b78a27578f13a17b -> 
  custom:container-demuxer-webm: 4f35f7cbe854078d1ac9338744f61a02 -> 
  custom:container-demuxer-ogg: 62fdf1f143b41e24485cea50d1cbac27 -> 
  custom:video-encoder-webm-vp8: eb34c28f22e8b96e1ab97ce403110664 -> 
  custom:video-decoder-webm-vp8: 9c59270c3fd7afecdb556c50c9e8de78 -> 
  custom:graphics/normal-map-encoding: 01000000000000000000000000000000 -> 02000000000000000000000000000000
  custom:audio-decoder-ogg-vorbis: bf7c407c2cedff20999df2af8eb42d56 -> 
  custom:audio-encoder-webm-vorbis: bf7c407c2cedff20999df2af8eb42d56 -> 
========================================================================
Received Import Request.
  Time since last request: 96.780875 seconds.
  path: Assets/Scenes/MenuScene.unity
  artifactKey: Guid(cdf6398b24d40af4dbcde663b7d3bfc8) Importer(815301076,1909f56bfc062723c751e8b465ee728b)
Start importing Assets/Scenes/MenuScene.unity using Guid(cdf6398b24d40af4dbcde663b7d3bfc8) Importer(815301076,1909f56bfc062723c751e8b465ee728b)  -> (artifact id: '39ed69dd5401ddbcc3e303193da1c6ad') in 0.018278 seconds 
  Import took 0.021642 seconds .

========================================================================
Received Prepare
Registering precompiled user dll's ...
Registered in 0.002946 seconds.
Begin MonoManager ReloadAssembly
Native extension for LinuxStandalone target not found
Native extension for WindowsStandalone target not found
Refreshing native plugins compatible for Editor in 0.44 ms, found 2 plugins.
Preloading 0 native plugins for Editor in 0.00 ms.
Mono: successfully reloaded assembly
- Completed reload, in  0.934 seconds
Domain Reload Profiling:
	ReloadAssembly (935ms)
		BeginReloadAssembly (112ms)
			ExecutionOrderSort (0ms)
			DisableScriptedObjects (4ms)
			BackupInstance (0ms)
			ReleaseScriptingObjects (0ms)
			CreateAndSetChildDomain (29ms)
		EndReloadAssembly (767ms)
			LoadAssemblies (80ms)
			RebuildTransferFunctionScriptingTraits (0ms)
			SetupTypeCache (269ms)
			ReleaseScriptCaches (1ms)
			RebuildScriptCaches (38ms)
			SetupLoadedEditorAssemblies (281ms)
				LogAssemblyErrors (0ms)
				InitializePlatformSupportModulesInManaged (5ms)
				SetLoadedEditorAssemblies (1ms)
				RefreshPlugins (0ms)
				BeforeProcessingInitializeOnLoad (70ms)
				ProcessInitializeOnLoadAttributes (195ms)
				ProcessInitializeOnLoadMethodAttributes (7ms)
				AfterProcessingInitializeOnLoad (2ms)
				EditorAssembliesLoaded (0ms)
			ExecutionOrderSort2 (0ms)
			AwakeInstancesAfterBackupRestoration (6ms)
Platform modules already initialized, skipping
Switching build target platform(19) subTarget(0) extendedPlatform(0) -> platform(13) subTarget(537395200) extendedPlatform(0)
Refreshing native plugins compatible for Editor in 0.47 ms, found 2 plugins.
Preloading 0 native plugins for Editor in 0.00 ms.
Unloading 2046 Unused Serialized files (Serialized files now loaded: 0)
System memory in use before: 100.6 MB.
System memory in use after: 100.8 MB.

Unloading 15 unused Assets to reduce memory usage. Loaded Objects now: 2536.
Total: 2.653500 ms (FindLiveObjects: 0.180900 ms CreateObjectMapping: 0.076700 ms MarkObjects: 2.380500 ms  DeleteObjects: 0.014600 ms)

AssetImportParameters requested are different than current active one (requested -> active):
  custom:framework-win-MediaFoundation: 216162199b28c13a410421893ffa2e32 -> 
  custom:video-decoder-ogg-theora: a1e56fd34408186e4bbccfd4996cb3dc -> 
  custom:container-muxer-webm: aa71ff27fc2769a1b78a27578f13a17b -> 
  custom:container-demuxer-webm: 4f35f7cbe854078d1ac9338744f61a02 -> 
  custom:container-demuxer-ogg: 62fdf1f143b41e24485cea50d1cbac27 -> 
  custom:video-encoder-webm-vp8: eb34c28f22e8b96e1ab97ce403110664 -> 
  custom:video-decoder-webm-vp8: 9c59270c3fd7afecdb556c50c9e8de78 -> 
  custom:graphics/normal-map-encoding: 01000000000000000000000000000000 -> 02000000000000000000000000000000
  custom:audio-decoder-ogg-vorbis: bf7c407c2cedff20999df2af8eb42d56 -> 
  custom:audio-encoder-webm-vorbis: bf7c407c2cedff20999df2af8eb42d56 -> 
========================================================================
Received Import Request.
  Time since last request: 72.403505 seconds.
  path: Assets/Scenes/Level02.unity
  artifactKey: Guid(77ce1f5ff9f1b8a4199aa96a77cc2079) Importer(815301076,1909f56bfc062723c751e8b465ee728b)
Start importing Assets/Scenes/Level02.unity using Guid(77ce1f5ff9f1b8a4199aa96a77cc2079) Importer(815301076,1909f56bfc062723c751e8b465ee728b)  -> (artifact id: '1b6318c87fef8f7e520c5fa13ecd3968') in 0.015084 seconds 
  Import took 0.018218 seconds .

========================================================================
Received Import Request.
  Time since last request: 9.730471 seconds.
  path: Assets/Scenes/Level01.unity
  artifactKey: Guid(9fc0d4010bbf28b4594072e72b8655ab) Importer(815301076,1909f56bfc062723c751e8b465ee728b)
Start importing Assets/Scenes/Level01.unity using Guid(9fc0d4010bbf28b4594072e72b8655ab) Importer(815301076,1909f56bfc062723c751e8b465ee728b)  -> (artifact id: '778a46d92d8455766ff18abcbfe15d14') in 0.005782 seconds 
  Import took 0.008875 seconds .

========================================================================
Received Prepare
Registering precompiled user dll's ...
Registered in 0.003087 seconds.
Begin MonoManager ReloadAssembly
Native extension for LinuxStandalone target not found
Native extension for WindowsStandalone target not found
Refreshing native plugins compatible for Editor in 0.43 ms, found 2 plugins.
Preloading 0 native plugins for Editor in 0.00 ms.
Mono: successfully reloaded assembly
- Completed reload, in  0.892 seconds
Domain Reload Profiling:
	ReloadAssembly (892ms)
		BeginReloadAssembly (99ms)
			ExecutionOrderSort (0ms)
			DisableScriptedObjects (4ms)
			BackupInstance (0ms)
			ReleaseScriptingObjects (0ms)
			CreateAndSetChildDomain (29ms)
		EndReloadAssembly (742ms)
			LoadAssemblies (77ms)
			RebuildTransferFunctionScriptingTraits (0ms)
			SetupTypeCache (259ms)
			ReleaseScriptCaches (1ms)
			RebuildScriptCaches (40ms)
			SetupLoadedEditorAssemblies (268ms)
				LogAssemblyErrors (0ms)
				InitializePlatformSupportModulesInManaged (5ms)
				SetLoadedEditorAssemblies (0ms)
				RefreshPlugins (0ms)
				BeforeProcessingInitializeOnLoad (66ms)
				ProcessInitializeOnLoadAttributes (186ms)
				ProcessInitializeOnLoadMethodAttributes (7ms)
				AfterProcessingInitializeOnLoad (2ms)
				EditorAssembliesLoaded (0ms)
			ExecutionOrderSort2 (0ms)
			AwakeInstancesAfterBackupRestoration (6ms)
Platform modules already initialized, skipping
Switching build target platform(19) subTarget(0) extendedPlatform(0) -> platform(13) subTarget(537395200) extendedPlatform(0)
Refreshing native plugins compatible for Editor in 0.44 ms, found 2 plugins.
Preloading 0 native plugins for Editor in 0.00 ms.
Unloading 2046 Unused Serialized files (Serialized files now loaded: 0)
System memory in use before: 100.6 MB.
System memory in use after: 100.7 MB.

Unloading 15 unused Assets to reduce memory usage. Loaded Objects now: 2538.
Total: 2.657900 ms (FindLiveObjects: 0.163300 ms CreateObjectMapping: 0.066700 ms MarkObjects: 2.410800 ms  DeleteObjects: 0.016300 ms)

AssetImportParameters requested are different than current active one (requested -> active):
  custom:framework-win-MediaFoundation: 216162199b28c13a410421893ffa2e32 -> 
  custom:video-decoder-ogg-theora: a1e56fd34408186e4bbccfd4996cb3dc -> 
  custom:container-muxer-webm: aa71ff27fc2769a1b78a27578f13a17b -> 
  custom:container-demuxer-webm: 4f35f7cbe854078d1ac9338744f61a02 -> 
  custom:container-demuxer-ogg: 62fdf1f143b41e24485cea50d1cbac27 -> 
  custom:video-encoder-webm-vp8: eb34c28f22e8b96e1ab97ce403110664 -> 
  custom:video-decoder-webm-vp8: 9c59270c3fd7afecdb556c50c9e8de78 -> 
  custom:graphics/normal-map-encoding: 01000000000000000000000000000000 -> 02000000000000000000000000000000
  custom:audio-decoder-ogg-vorbis: bf7c407c2cedff20999df2af8eb42d56 -> 
  custom:audio-encoder-webm-vorbis: bf7c407c2cedff20999df2af8eb42d56 -> 
========================================================================
Received Prepare
Refreshing native plugins compatible for Editor in 2.50 ms, found 2 plugins.
Preloading 0 native plugins for Editor in 0.00 ms.
Unloading 12 Unused Serialized files (Serialized files now loaded: 0)
System memory in use before: 60.9 MB.
System memory in use after: 61.0 MB.

Unloading 12 unused Assets to reduce memory usage. Loaded Objects now: 2538.
Total: 3.411200 ms (FindLiveObjects: 0.315000 ms CreateObjectMapping: 0.080500 ms MarkObjects: 2.998400 ms  DeleteObjects: 0.016300 ms)

AssetImportParameters requested are different than current active one (requested -> active):
  custom:framework-win-MediaFoundation: 216162199b28c13a410421893ffa2e32 -> 
  custom:video-decoder-ogg-theora: a1e56fd34408186e4bbccfd4996cb3dc -> 
  custom:container-muxer-webm: aa71ff27fc2769a1b78a27578f13a17b -> 
  custom:container-demuxer-webm: 4f35f7cbe854078d1ac9338744f61a02 -> 
  custom:container-demuxer-ogg: 62fdf1f143b41e24485cea50d1cbac27 -> 
  custom:video-encoder-webm-vp8: eb34c28f22e8b96e1ab97ce403110664 -> 
  custom:video-decoder-webm-vp8: 9c59270c3fd7afecdb556c50c9e8de78 -> 
  custom:audio-decoder-ogg-vorbis: bf7c407c2cedff20999df2af8eb42d56 -> 
  custom:audio-encoder-webm-vorbis: bf7c407c2cedff20999df2af8eb42d56 -> 
AssetImportWorkerClient::OnTransportError - code=2 error=End of file
